<?xml version="1.0" encoding="UTF-8"?>
<testng-results skipped="0" failed="0" total="2" passed="2">
  <reporter-output>
  </reporter-output>
  <suite name="Default suite" duration-ms="11761" started-at="2015-09-30T15:19:12Z" finished-at="2015-09-30T15:19:24Z">
    <groups>
    </groups>
    <test name="Default test" duration-ms="11761" started-at="2015-09-30T15:19:12Z" finished-at="2015-09-30T15:19:24Z">
      <class name="testCases.ExecuteTest">
        <test-method status="PASS" signature="SuiteDetails()[pri:0, instance:testCases.ExecuteTest@1112124]" name="SuiteDetails" duration-ms="477" started-at="2015-09-30T20:49:13Z" finished-at="2015-09-30T20:49:13Z">
          <reporter-output>
          </reporter-output>
        </test-method> <!-- SuiteDetails -->
        <test-method status="PASS" signature="TestDetails()[pri:0, instance:testCases.ExecuteTest@1112124]" name="TestDetails" duration-ms="11273" started-at="2015-09-30T20:49:13Z" finished-at="2015-09-30T20:49:24Z">
          <reporter-output>
          </reporter-output>
        </test-method> <!-- TestDetails -->
      </class> <!-- testCases.ExecuteTest -->
    </test> <!-- Default test -->
  </suite> <!-- Default suite -->
</testng-results>
